{"D:\\Project\\PetShop-Website\\front-end\\src\\stores\\cartSlice.js": {"path":"D:\\Project\\PetShop-Website\\front-end\\src\\stores\\cartSlice.js","statementMap":{"0":{"start":{"line":5,"column":21},"end":{"line":11,"column":1}},"1":{"start":{"line":13,"column":18},"end":{"line":109,"column":2}},"2":{"start":{"line":18,"column":28},"end":{"line":20,"column":7}},"3":{"start":{"line":19,"column":18},"end":{"line":19,"column":49}},"4":{"start":{"line":22,"column":6},"end":{"line":36,"column":7}},"5":{"start":{"line":23,"column":8},"end":{"line":26,"column":10}},"6":{"start":{"line":27,"column":8},"end":{"line":29,"column":11}},"7":{"start":{"line":31,"column":30},"end":{"line":31,"column":68}},"8":{"start":{"line":32,"column":8},"end":{"line":32,"column":46}},"9":{"start":{"line":33,"column":8},"end":{"line":35,"column":11}},"10":{"start":{"line":38,"column":6},"end":{"line":38,"column":73}},"11":{"start":{"line":39,"column":6},"end":{"line":39,"column":102}},"12":{"start":{"line":39,"column":72},"end":{"line":39,"column":97}},"13":{"start":{"line":42,"column":24},"end":{"line":44,"column":7}},"14":{"start":{"line":43,"column":18},"end":{"line":43,"column":47}},"15":{"start":{"line":46,"column":6},"end":{"line":62,"column":7}},"16":{"start":{"line":47,"column":8},"end":{"line":47,"column":53}},"17":{"start":{"line":49,"column":8},"end":{"line":51,"column":11}},"18":{"start":{"line":52,"column":13},"end":{"line":62,"column":7}},"19":{"start":{"line":53,"column":30},"end":{"line":55,"column":9}},"20":{"start":{"line":54,"column":20},"end":{"line":54,"column":49}},"21":{"start":{"line":57,"column":8},"end":{"line":57,"column":40}},"22":{"start":{"line":59,"column":8},"end":{"line":61,"column":11}},"23":{"start":{"line":64,"column":6},"end":{"line":64,"column":73}},"24":{"start":{"line":67,"column":6},"end":{"line":81,"column":9}},"25":{"start":{"line":68,"column":8},"end":{"line":78,"column":9}},"26":{"start":{"line":69,"column":32},"end":{"line":71,"column":11}},"27":{"start":{"line":70,"column":22},"end":{"line":70,"column":45}},"28":{"start":{"line":73,"column":10},"end":{"line":73,"column":42}},"29":{"start":{"line":75,"column":10},"end":{"line":77,"column":13}},"30":{"start":{"line":79,"column":8},"end":{"line":79,"column":75}},"31":{"start":{"line":80,"column":8},"end":{"line":80,"column":21}},"32":{"start":{"line":84,"column":32},"end":{"line":98,"column":7}},"33":{"start":{"line":86,"column":42},"end":{"line":86,"column":50}},"34":{"start":{"line":87,"column":28},"end":{"line":87,"column":48}},"35":{"start":{"line":89,"column":10},"end":{"line":89,"column":39}},"36":{"start":{"line":90,"column":10},"end":{"line":90,"column":45}},"37":{"start":{"line":92,"column":10},"end":{"line":92,"column":27}},"38":{"start":{"line":99,"column":6},"end":{"line":99,"column":43}},"39":{"start":{"line":100,"column":6},"end":{"line":100,"column":41}},"40":{"start":{"line":101,"column":6},"end":{"line":101,"column":36}},"41":{"start":{"line":104,"column":6},"end":{"line":104,"column":27}},"42":{"start":{"line":105,"column":6},"end":{"line":105,"column":73}},"43":{"start":{"line":106,"column":6},"end":{"line":106,"column":63}},"44":{"start":{"line":112,"column":2},"end":{"line":112,"column":19}}},"fnMap":{"0":{"name":"(anonymous_0)","decl":{"start":{"line":17,"column":4},"end":{"line":17,"column":5}},"loc":{"start":{"line":17,"column":29},"end":{"line":40,"column":5}},"line":17},"1":{"name":"(anonymous_1)","decl":{"start":{"line":19,"column":8},"end":{"line":19,"column":9}},"loc":{"start":{"line":19,"column":18},"end":{"line":19,"column":49}},"line":19},"2":{"name":"(anonymous_2)","decl":{"start":{"line":39,"column":55},"end":{"line":39,"column":56}},"loc":{"start":{"line":39,"column":72},"end":{"line":39,"column":97}},"line":39},"3":{"name":"(anonymous_3)","decl":{"start":{"line":41,"column":4},"end":{"line":41,"column":5}},"loc":{"start":{"line":41,"column":32},"end":{"line":65,"column":5}},"line":41},"4":{"name":"(anonymous_4)","decl":{"start":{"line":43,"column":8},"end":{"line":43,"column":9}},"loc":{"start":{"line":43,"column":18},"end":{"line":43,"column":47}},"line":43},"5":{"name":"(anonymous_5)","decl":{"start":{"line":54,"column":10},"end":{"line":54,"column":11}},"loc":{"start":{"line":54,"column":20},"end":{"line":54,"column":49}},"line":54},"6":{"name":"(anonymous_6)","decl":{"start":{"line":66,"column":4},"end":{"line":66,"column":5}},"loc":{"start":{"line":66,"column":34},"end":{"line":82,"column":5}},"line":66},"7":{"name":"(anonymous_7)","decl":{"start":{"line":67,"column":26},"end":{"line":67,"column":27}},"loc":{"start":{"line":67,"column":40},"end":{"line":81,"column":7}},"line":67},"8":{"name":"(anonymous_8)","decl":{"start":{"line":70,"column":12},"end":{"line":70,"column":13}},"loc":{"start":{"line":70,"column":22},"end":{"line":70,"column":45}},"line":70},"9":{"name":"(anonymous_9)","decl":{"start":{"line":83,"column":4},"end":{"line":83,"column":5}},"loc":{"start":{"line":83,"column":29},"end":{"line":102,"column":5}},"line":83},"10":{"name":"(anonymous_10)","decl":{"start":{"line":85,"column":8},"end":{"line":85,"column":9}},"loc":{"start":{"line":85,"column":33},"end":{"line":93,"column":9}},"line":85},"11":{"name":"(anonymous_11)","decl":{"start":{"line":103,"column":4},"end":{"line":103,"column":5}},"loc":{"start":{"line":103,"column":33},"end":{"line":107,"column":5}},"line":103}},"branchMap":{"0":{"loc":{"start":{"line":6,"column":13},"end":{"line":8,"column":8}},"type":"cond-expr","locations":[{"start":{"line":7,"column":6},"end":{"line":7,"column":51}},{"start":{"line":8,"column":6},"end":{"line":8,"column":8}}],"line":6},"1":{"loc":{"start":{"line":22,"column":6},"end":{"line":36,"column":7}},"type":"if","locations":[{"start":{"line":22,"column":6},"end":{"line":36,"column":7}},{"start":{"line":30,"column":13},"end":{"line":36,"column":7}}],"line":22},"2":{"loc":{"start":{"line":46,"column":6},"end":{"line":62,"column":7}},"type":"if","locations":[{"start":{"line":46,"column":6},"end":{"line":62,"column":7}},{"start":{"line":52,"column":13},"end":{"line":62,"column":7}}],"line":46},"3":{"loc":{"start":{"line":52,"column":13},"end":{"line":62,"column":7}},"type":"if","locations":[{"start":{"line":52,"column":13},"end":{"line":62,"column":7}},{"start":{},"end":{}}],"line":52},"4":{"loc":{"start":{"line":68,"column":8},"end":{"line":78,"column":9}},"type":"if","locations":[{"start":{"line":68,"column":8},"end":{"line":78,"column":9}},{"start":{},"end":{}}],"line":68}},"s":{"0":1,"1":1,"2":8,"3":3,"4":8,"5":2,"6":2,"7":6,"8":6,"9":6,"10":8,"11":8,"12":9,"13":3,"14":3,"15":3,"16":2,"17":2,"18":1,"19":1,"20":1,"21":1,"22":1,"23":3,"24":2,"25":4,"26":2,"27":4,"28":2,"29":2,"30":4,"31":4,"32":3,"33":3,"34":3,"35":3,"36":3,"37":3,"38":3,"39":3,"40":3,"41":0,"42":0,"43":0,"44":1},"f":{"0":8,"1":3,"2":9,"3":3,"4":3,"5":1,"6":2,"7":4,"8":4,"9":3,"10":3,"11":0},"b":{"0":[0,1],"1":[2,6],"2":[2,1],"3":[1,0],"4":[2,2]},"_coverageSchema":"1a1c01bbd47fc00a2c39e90264f33305004495a9","hash":"18d6e29577501897f2472d4cbcd60493b02d2441"}
,"D:\\Project\\PetShop-Website\\front-end\\src\\stores\\productSlice.js": {"path":"D:\\Project\\PetShop-Website\\front-end\\src\\stores\\productSlice.js","statementMap":{"0":{"start":{"line":13,"column":29},"end":{"line":19,"column":1}},"1":{"start":{"line":16,"column":21},"end":{"line":16,"column":49}},"2":{"start":{"line":17,"column":4},"end":{"line":17,"column":25}},"3":{"start":{"line":21,"column":39},"end":{"line":27,"column":1}},"4":{"start":{"line":24,"column":21},"end":{"line":24,"column":68}},"5":{"start":{"line":25,"column":4},"end":{"line":25,"column":50}},"6":{"start":{"line":29,"column":35},"end":{"line":35,"column":1}},"7":{"start":{"line":32,"column":21},"end":{"line":32,"column":58}},"8":{"start":{"line":33,"column":4},"end":{"line":33,"column":47}},"9":{"start":{"line":37,"column":33},"end":{"line":43,"column":1}},"10":{"start":{"line":40,"column":21},"end":{"line":40,"column":53}},"11":{"start":{"line":41,"column":4},"end":{"line":41,"column":24}},"12":{"start":{"line":45,"column":43},"end":{"line":53,"column":1}},"13":{"start":{"line":48,"column":4},"end":{"line":48,"column":46}},"14":{"start":{"line":50,"column":21},"end":{"line":50,"column":87}},"15":{"start":{"line":51,"column":4},"end":{"line":51,"column":24}},"16":{"start":{"line":55,"column":42},"end":{"line":63,"column":1}},"17":{"start":{"line":58,"column":4},"end":{"line":58,"column":29}},"18":{"start":{"line":60,"column":21},"end":{"line":60,"column":68}},"19":{"start":{"line":61,"column":4},"end":{"line":61,"column":25}},"20":{"start":{"line":67,"column":21},"end":{"line":145,"column":2}},"21":{"start":{"line":83,"column":6},"end":{"line":83,"column":41}},"22":{"start":{"line":89,"column":4},"end":{"line":100,"column":9}},"23":{"start":{"line":91,"column":8},"end":{"line":91,"column":26}},"24":{"start":{"line":94,"column":8},"end":{"line":94,"column":37}},"25":{"start":{"line":95,"column":8},"end":{"line":95,"column":27}},"26":{"start":{"line":98,"column":8},"end":{"line":98,"column":26}},"27":{"start":{"line":99,"column":8},"end":{"line":99,"column":43}},"28":{"start":{"line":103,"column":4},"end":{"line":114,"column":8}},"29":{"start":{"line":105,"column":8},"end":{"line":105,"column":26}},"30":{"start":{"line":108,"column":8},"end":{"line":108,"column":77}},"31":{"start":{"line":109,"column":8},"end":{"line":109,"column":26}},"32":{"start":{"line":112,"column":8},"end":{"line":112,"column":26}},"33":{"start":{"line":113,"column":8},"end":{"line":113,"column":43}},"34":{"start":{"line":117,"column":4},"end":{"line":130,"column":9}},"35":{"start":{"line":119,"column":8},"end":{"line":119,"column":26}},"36":{"start":{"line":120,"column":8},"end":{"line":120,"column":35}},"37":{"start":{"line":121,"column":8},"end":{"line":121,"column":27}},"38":{"start":{"line":124,"column":8},"end":{"line":124,"column":45}},"39":{"start":{"line":125,"column":8},"end":{"line":125,"column":27}},"40":{"start":{"line":128,"column":8},"end":{"line":128,"column":27}},"41":{"start":{"line":129,"column":8},"end":{"line":129,"column":43}},"42":{"start":{"line":132,"column":4},"end":{"line":134,"column":6}},"43":{"start":{"line":133,"column":6},"end":{"line":133,"column":40}},"44":{"start":{"line":136,"column":4},"end":{"line":139,"column":6}},"45":{"start":{"line":137,"column":6},"end":{"line":137,"column":55}},"46":{"start":{"line":138,"column":6},"end":{"line":138,"column":51}},"47":{"start":{"line":141,"column":4},"end":{"line":143,"column":6}},"48":{"start":{"line":142,"column":6},"end":{"line":142,"column":45}},"49":{"start":{"line":147,"column":47},"end":{"line":147,"column":67}}},"fnMap":{"0":{"name":"(anonymous_0)","decl":{"start":{"line":15,"column":2},"end":{"line":15,"column":3}},"loc":{"start":{"line":15,"column":14},"end":{"line":18,"column":3}},"line":15},"1":{"name":"(anonymous_1)","decl":{"start":{"line":23,"column":2},"end":{"line":23,"column":3}},"loc":{"start":{"line":23,"column":23},"end":{"line":26,"column":3}},"line":23},"2":{"name":"(anonymous_2)","decl":{"start":{"line":31,"column":2},"end":{"line":31,"column":3}},"loc":{"start":{"line":31,"column":18},"end":{"line":34,"column":3}},"line":31},"3":{"name":"(anonymous_3)","decl":{"start":{"line":39,"column":2},"end":{"line":39,"column":3}},"loc":{"start":{"line":39,"column":14},"end":{"line":42,"column":3}},"line":39},"4":{"name":"(anonymous_4)","decl":{"start":{"line":47,"column":2},"end":{"line":47,"column":3}},"loc":{"start":{"line":47,"column":46},"end":{"line":52,"column":3}},"line":47},"5":{"name":"(anonymous_5)","decl":{"start":{"line":57,"column":2},"end":{"line":57,"column":3}},"loc":{"start":{"line":57,"column":25},"end":{"line":62,"column":3}},"line":57},"6":{"name":"(anonymous_6)","decl":{"start":{"line":82,"column":20},"end":{"line":82,"column":21}},"loc":{"start":{"line":82,"column":39},"end":{"line":84,"column":5}},"line":82},"7":{"name":"(anonymous_7)","decl":{"start":{"line":86,"column":17},"end":{"line":86,"column":18}},"loc":{"start":{"line":86,"column":30},"end":{"line":144,"column":3}},"line":86},"8":{"name":"(anonymous_8)","decl":{"start":{"line":90,"column":38},"end":{"line":90,"column":39}},"loc":{"start":{"line":90,"column":49},"end":{"line":92,"column":7}},"line":90},"9":{"name":"(anonymous_9)","decl":{"start":{"line":93,"column":40},"end":{"line":93,"column":41}},"loc":{"start":{"line":93,"column":59},"end":{"line":96,"column":7}},"line":93},"10":{"name":"(anonymous_10)","decl":{"start":{"line":97,"column":39},"end":{"line":97,"column":40}},"loc":{"start":{"line":97,"column":58},"end":{"line":100,"column":7}},"line":97},"11":{"name":"(anonymous_11)","decl":{"start":{"line":104,"column":48},"end":{"line":104,"column":49}},"loc":{"start":{"line":104,"column":59},"end":{"line":106,"column":7}},"line":104},"12":{"name":"(anonymous_12)","decl":{"start":{"line":107,"column":50},"end":{"line":107,"column":51}},"loc":{"start":{"line":107,"column":69},"end":{"line":110,"column":7}},"line":107},"13":{"name":"(anonymous_13)","decl":{"start":{"line":111,"column":49},"end":{"line":111,"column":50}},"loc":{"start":{"line":111,"column":68},"end":{"line":114,"column":7}},"line":111},"14":{"name":"(anonymous_14)","decl":{"start":{"line":118,"column":44},"end":{"line":118,"column":45}},"loc":{"start":{"line":118,"column":55},"end":{"line":122,"column":7}},"line":118},"15":{"name":"(anonymous_15)","decl":{"start":{"line":123,"column":46},"end":{"line":123,"column":47}},"loc":{"start":{"line":123,"column":65},"end":{"line":126,"column":7}},"line":123},"16":{"name":"(anonymous_16)","decl":{"start":{"line":127,"column":45},"end":{"line":127,"column":46}},"loc":{"start":{"line":127,"column":64},"end":{"line":130,"column":7}},"line":127},"17":{"name":"(anonymous_17)","decl":{"start":{"line":132,"column":49},"end":{"line":132,"column":50}},"loc":{"start":{"line":132,"column":68},"end":{"line":134,"column":5}},"line":132},"18":{"name":"(anonymous_18)","decl":{"start":{"line":136,"column":59},"end":{"line":136,"column":60}},"loc":{"start":{"line":136,"column":78},"end":{"line":139,"column":5}},"line":136},"19":{"name":"(anonymous_19)","decl":{"start":{"line":141,"column":58},"end":{"line":141,"column":59}},"loc":{"start":{"line":141,"column":77},"end":{"line":143,"column":5}},"line":141}},"branchMap":{"0":{"loc":{"start":{"line":33,"column":11},"end":{"line":33,"column":47}},"type":"binary-expr","locations":[{"start":{"line":33,"column":11},"end":{"line":33,"column":30}},{"start":{"line":33,"column":34},"end":{"line":33,"column":47}}],"line":33},"1":{"loc":{"start":{"line":47,"column":30},"end":{"line":47,"column":39}},"type":"default-arg","locations":[{"start":{"line":47,"column":38},"end":{"line":47,"column":39}}],"line":47}},"s":{"0":1,"1":0,"2":0,"3":1,"4":0,"5":0,"6":1,"7":0,"8":0,"9":1,"10":0,"11":0,"12":1,"13":0,"14":0,"15":0,"16":1,"17":0,"18":0,"19":0,"20":1,"21":3,"22":1,"23":1,"24":1,"25":1,"26":1,"27":1,"28":1,"29":0,"30":0,"31":0,"32":0,"33":0,"34":1,"35":1,"36":1,"37":1,"38":1,"39":1,"40":1,"41":1,"42":1,"43":1,"44":1,"45":1,"46":1,"47":1,"48":0,"49":1},"f":{"0":0,"1":0,"2":0,"3":0,"4":0,"5":0,"6":3,"7":1,"8":1,"9":1,"10":1,"11":0,"12":0,"13":0,"14":1,"15":1,"16":1,"17":1,"18":1,"19":0},"b":{"0":[0,0],"1":[0]},"_coverageSchema":"1a1c01bbd47fc00a2c39e90264f33305004495a9","hash":"56148e72d8e7a1f8134f3cf4e943d46ff68b00ef"}
,"D:\\Project\\PetShop-Website\\front-end\\src\\stores\\userAdminSlice.js": {"path":"D:\\Project\\PetShop-Website\\front-end\\src\\stores\\userAdminSlice.js","statementMap":{"0":{"start":{"line":4,"column":24},"end":{"line":11,"column":2}},"1":{"start":{"line":5,"column":2},"end":{"line":10,"column":3}},"2":{"start":{"line":6,"column":16},"end":{"line":6,"column":46}},"3":{"start":{"line":7,"column":4},"end":{"line":7,"column":20}},"4":{"start":{"line":9,"column":4},"end":{"line":9,"column":75}},"5":{"start":{"line":13,"column":25},"end":{"line":20,"column":2}},"6":{"start":{"line":14,"column":2},"end":{"line":19,"column":3}},"7":{"start":{"line":15,"column":16},"end":{"line":15,"column":42}},"8":{"start":{"line":16,"column":4},"end":{"line":16,"column":31}},"9":{"start":{"line":18,"column":4},"end":{"line":18,"column":75}},"10":{"start":{"line":22,"column":27},"end":{"line":29,"column":2}},"11":{"start":{"line":23,"column":2},"end":{"line":28,"column":3}},"12":{"start":{"line":24,"column":16},"end":{"line":24,"column":44}},"13":{"start":{"line":25,"column":4},"end":{"line":25,"column":31}},"14":{"start":{"line":27,"column":4},"end":{"line":27,"column":75}},"15":{"start":{"line":31,"column":30},"end":{"line":38,"column":2}},"16":{"start":{"line":32,"column":2},"end":{"line":37,"column":3}},"17":{"start":{"line":33,"column":16},"end":{"line":33,"column":53}},"18":{"start":{"line":34,"column":4},"end":{"line":34,"column":24}},"19":{"start":{"line":36,"column":4},"end":{"line":36,"column":75}},"20":{"start":{"line":40,"column":14},"end":{"line":85,"column":2}},"21":{"start":{"line":52,"column":4},"end":{"line":83,"column":9}},"22":{"start":{"line":54,"column":8},"end":{"line":54,"column":29}},"23":{"start":{"line":55,"column":8},"end":{"line":55,"column":27}},"24":{"start":{"line":58,"column":8},"end":{"line":58,"column":30}},"25":{"start":{"line":59,"column":8},"end":{"line":59,"column":49}},"26":{"start":{"line":60,"column":8},"end":{"line":60,"column":48}},"27":{"start":{"line":61,"column":8},"end":{"line":61,"column":53}},"28":{"start":{"line":62,"column":8},"end":{"line":62,"column":58}},"29":{"start":{"line":65,"column":8},"end":{"line":65,"column":30}},"30":{"start":{"line":66,"column":8},"end":{"line":66,"column":70}},"31":{"start":{"line":70,"column":19},"end":{"line":70,"column":36}},"32":{"start":{"line":71,"column":20},"end":{"line":71,"column":62}},"33":{"start":{"line":71,"column":49},"end":{"line":71,"column":61}},"34":{"start":{"line":72,"column":8},"end":{"line":72,"column":58}},"35":{"start":{"line":72,"column":24},"end":{"line":72,"column":58}},"36":{"start":{"line":75,"column":19},"end":{"line":75,"column":36}},"37":{"start":{"line":76,"column":20},"end":{"line":76,"column":62}},"38":{"start":{"line":76,"column":49},"end":{"line":76,"column":61}},"39":{"start":{"line":77,"column":8},"end":{"line":77,"column":59}},"40":{"start":{"line":77,"column":24},"end":{"line":77,"column":59}},"41":{"start":{"line":80,"column":29},"end":{"line":80,"column":43}},"42":{"start":{"line":81,"column":20},"end":{"line":81,"column":62}},"43":{"start":{"line":81,"column":49},"end":{"line":81,"column":61}},"44":{"start":{"line":82,"column":8},"end":{"line":82,"column":53}},"45":{"start":{"line":82,"column":24},"end":{"line":82,"column":53}}},"fnMap":{"0":{"name":"(anonymous_0)","decl":{"start":{"line":4,"column":59},"end":{"line":4,"column":60}},"loc":{"start":{"line":4,"column":98},"end":{"line":11,"column":1}},"line":4},"1":{"name":"(anonymous_1)","decl":{"start":{"line":13,"column":61},"end":{"line":13,"column":62}},"loc":{"start":{"line":13,"column":96},"end":{"line":20,"column":1}},"line":13},"2":{"name":"(anonymous_2)","decl":{"start":{"line":22,"column":65},"end":{"line":22,"column":66}},"loc":{"start":{"line":22,"column":100},"end":{"line":29,"column":1}},"line":22},"3":{"name":"(anonymous_3)","decl":{"start":{"line":31,"column":71},"end":{"line":31,"column":72}},"loc":{"start":{"line":31,"column":116},"end":{"line":38,"column":1}},"line":31},"4":{"name":"(anonymous_4)","decl":{"start":{"line":51,"column":17},"end":{"line":51,"column":18}},"loc":{"start":{"line":51,"column":30},"end":{"line":84,"column":3}},"line":51},"5":{"name":"(anonymous_5)","decl":{"start":{"line":53,"column":33},"end":{"line":53,"column":34}},"loc":{"start":{"line":53,"column":44},"end":{"line":56,"column":7}},"line":53},"6":{"name":"(anonymous_6)","decl":{"start":{"line":57,"column":35},"end":{"line":57,"column":36}},"loc":{"start":{"line":57,"column":54},"end":{"line":63,"column":7}},"line":57},"7":{"name":"(anonymous_7)","decl":{"start":{"line":64,"column":34},"end":{"line":64,"column":35}},"loc":{"start":{"line":64,"column":53},"end":{"line":67,"column":7}},"line":64},"8":{"name":"(anonymous_8)","decl":{"start":{"line":69,"column":36},"end":{"line":69,"column":37}},"loc":{"start":{"line":69,"column":55},"end":{"line":73,"column":7}},"line":69},"9":{"name":"(anonymous_9)","decl":{"start":{"line":71,"column":42},"end":{"line":71,"column":43}},"loc":{"start":{"line":71,"column":49},"end":{"line":71,"column":61}},"line":71},"10":{"name":"(anonymous_10)","decl":{"start":{"line":74,"column":38},"end":{"line":74,"column":39}},"loc":{"start":{"line":74,"column":57},"end":{"line":78,"column":7}},"line":74},"11":{"name":"(anonymous_11)","decl":{"start":{"line":76,"column":42},"end":{"line":76,"column":43}},"loc":{"start":{"line":76,"column":49},"end":{"line":76,"column":61}},"line":76},"12":{"name":"(anonymous_12)","decl":{"start":{"line":79,"column":41},"end":{"line":79,"column":42}},"loc":{"start":{"line":79,"column":60},"end":{"line":83,"column":7}},"line":79},"13":{"name":"(anonymous_13)","decl":{"start":{"line":81,"column":42},"end":{"line":81,"column":43}},"loc":{"start":{"line":81,"column":49},"end":{"line":81,"column":61}},"line":81}},"branchMap":{"0":{"loc":{"start":{"line":6,"column":33},"end":{"line":6,"column":45}},"type":"binary-expr","locations":[{"start":{"line":6,"column":33},"end":{"line":6,"column":39}},{"start":{"line":6,"column":43},"end":{"line":6,"column":45}}],"line":6},"1":{"loc":{"start":{"line":9,"column":27},"end":{"line":9,"column":73}},"type":"binary-expr","locations":[{"start":{"line":9,"column":27},"end":{"line":9,"column":45}},{"start":{"line":9,"column":49},"end":{"line":9,"column":73}}],"line":9},"2":{"loc":{"start":{"line":18,"column":27},"end":{"line":18,"column":73}},"type":"binary-expr","locations":[{"start":{"line":18,"column":27},"end":{"line":18,"column":45}},{"start":{"line":18,"column":49},"end":{"line":18,"column":73}}],"line":18},"3":{"loc":{"start":{"line":27,"column":27},"end":{"line":27,"column":73}},"type":"binary-expr","locations":[{"start":{"line":27,"column":27},"end":{"line":27,"column":45}},{"start":{"line":27,"column":49},"end":{"line":27,"column":73}}],"line":27},"4":{"loc":{"start":{"line":36,"column":27},"end":{"line":36,"column":73}},"type":"binary-expr","locations":[{"start":{"line":36,"column":27},"end":{"line":36,"column":45}},{"start":{"line":36,"column":49},"end":{"line":36,"column":73}}],"line":36},"5":{"loc":{"start":{"line":59,"column":22},"end":{"line":59,"column":48}},"type":"binary-expr","locations":[{"start":{"line":59,"column":22},"end":{"line":59,"column":42}},{"start":{"line":59,"column":46},"end":{"line":59,"column":48}}],"line":59},"6":{"loc":{"start":{"line":60,"column":22},"end":{"line":60,"column":47}},"type":"binary-expr","locations":[{"start":{"line":60,"column":22},"end":{"line":60,"column":42}},{"start":{"line":60,"column":46},"end":{"line":60,"column":47}}],"line":60},"7":{"loc":{"start":{"line":61,"column":21},"end":{"line":61,"column":52}},"type":"binary-expr","locations":[{"start":{"line":61,"column":21},"end":{"line":61,"column":47}},{"start":{"line":61,"column":51},"end":{"line":61,"column":52}}],"line":61},"8":{"loc":{"start":{"line":62,"column":27},"end":{"line":62,"column":57}},"type":"binary-expr","locations":[{"start":{"line":62,"column":27},"end":{"line":62,"column":52}},{"start":{"line":62,"column":56},"end":{"line":62,"column":57}}],"line":62},"9":{"loc":{"start":{"line":66,"column":22},"end":{"line":66,"column":69}},"type":"binary-expr","locations":[{"start":{"line":66,"column":22},"end":{"line":66,"column":45}},{"start":{"line":66,"column":49},"end":{"line":66,"column":69}}],"line":66},"10":{"loc":{"start":{"line":72,"column":8},"end":{"line":72,"column":58}},"type":"if","locations":[{"start":{"line":72,"column":8},"end":{"line":72,"column":58}},{"start":{},"end":{}}],"line":72},"11":{"loc":{"start":{"line":77,"column":8},"end":{"line":77,"column":59}},"type":"if","locations":[{"start":{"line":77,"column":8},"end":{"line":77,"column":59}},{"start":{},"end":{}}],"line":77},"12":{"loc":{"start":{"line":82,"column":8},"end":{"line":82,"column":53}},"type":"if","locations":[{"start":{"line":82,"column":8},"end":{"line":82,"column":53}},{"start":{},"end":{}}],"line":82}},"s":{"0":1,"1":0,"2":0,"3":0,"4":0,"5":1,"6":0,"7":0,"8":0,"9":0,"10":1,"11":0,"12":0,"13":0,"14":0,"15":1,"16":0,"17":0,"18":0,"19":0,"20":1,"21":1,"22":1,"23":1,"24":2,"25":2,"26":2,"27":2,"28":2,"29":1,"30":1,"31":2,"32":2,"33":2,"34":2,"35":1,"36":2,"37":2,"38":2,"39":2,"40":1,"41":3,"42":3,"43":3,"44":3,"45":2},"f":{"0":0,"1":0,"2":0,"3":0,"4":1,"5":1,"6":2,"7":1,"8":2,"9":2,"10":2,"11":2,"12":3,"13":3},"b":{"0":[0,0],"1":[0,0],"2":[0,0],"3":[0,0],"4":[0,0],"5":[2,1],"6":[2,1],"7":[2,1],"8":[2,1],"9":[1,0],"10":[1,1],"11":[1,1],"12":[2,1]},"_coverageSchema":"1a1c01bbd47fc00a2c39e90264f33305004495a9","hash":"992318bfb5d78bc749fb1eccb992cd1d05ecaf7c"}
,"D:\\Project\\PetShop-Website\\front-end\\src\\utils\\fetchWithRetry.js": {"path":"D:\\Project\\PetShop-Website\\front-end\\src\\utils\\fetchWithRetry.js","statementMap":{"0":{"start":{"line":1,"column":30},"end":{"line":47,"column":1}},"1":{"start":{"line":7,"column":25},"end":{"line":10,"column":3}},"2":{"start":{"line":12,"column":2},"end":{"line":46,"column":3}},"3":{"start":{"line":12,"column":21},"end":{"line":12,"column":22}},"4":{"start":{"line":13,"column":4},"end":{"line":41,"column":5}},"5":{"start":{"line":14,"column":23},"end":{"line":14,"column":55}},"6":{"start":{"line":15,"column":6},"end":{"line":17,"column":7}},"7":{"start":{"line":16,"column":8},"end":{"line":16,"column":24}},"8":{"start":{"line":19,"column":32},"end":{"line":19,"column":83}},"9":{"start":{"line":20,"column":6},"end":{"line":22,"column":7}},"10":{"start":{"line":21,"column":8},"end":{"line":21,"column":24}},"11":{"start":{"line":23,"column":6},"end":{"line":27,"column":9}},"12":{"start":{"line":29,"column":28},"end":{"line":29,"column":46}},"13":{"start":{"line":30,"column":6},"end":{"line":34,"column":9}},"14":{"start":{"line":36,"column":6},"end":{"line":38,"column":7}},"15":{"start":{"line":37,"column":8},"end":{"line":37,"column":20}},"16":{"start":{"line":40,"column":6},"end":{"line":40,"column":65}},"17":{"start":{"line":40,"column":37},"end":{"line":40,"column":63}},"18":{"start":{"line":43,"column":4},"end":{"line":45,"column":5}},"19":{"start":{"line":44,"column":6},"end":{"line":44,"column":65}},"20":{"start":{"line":44,"column":37},"end":{"line":44,"column":63}}},"fnMap":{"0":{"name":"(anonymous_0)","decl":{"start":{"line":1,"column":30},"end":{"line":1,"column":31}},"loc":{"start":{"line":6,"column":5},"end":{"line":47,"column":1}},"line":6},"1":{"name":"(anonymous_1)","decl":{"start":{"line":40,"column":24},"end":{"line":40,"column":25}},"loc":{"start":{"line":40,"column":37},"end":{"line":40,"column":63}},"line":40},"2":{"name":"(anonymous_2)","decl":{"start":{"line":44,"column":24},"end":{"line":44,"column":25}},"loc":{"start":{"line":44,"column":37},"end":{"line":44,"column":63}},"line":44}},"branchMap":{"0":{"loc":{"start":{"line":3,"column":2},"end":{"line":3,"column":14}},"type":"default-arg","locations":[{"start":{"line":3,"column":12},"end":{"line":3,"column":14}}],"line":3},"1":{"loc":{"start":{"line":4,"column":2},"end":{"line":4,"column":13}},"type":"default-arg","locations":[{"start":{"line":4,"column":12},"end":{"line":4,"column":13}}],"line":4},"2":{"loc":{"start":{"line":5,"column":2},"end":{"line":5,"column":14}},"type":"default-arg","locations":[{"start":{"line":5,"column":10},"end":{"line":5,"column":14}}],"line":5},"3":{"loc":{"start":{"line":15,"column":6},"end":{"line":17,"column":7}},"type":"if","locations":[{"start":{"line":15,"column":6},"end":{"line":17,"column":7}},{"start":{},"end":{}}],"line":15},"4":{"loc":{"start":{"line":15,"column":10},"end":{"line":15,"column":43}},"type":"binary-expr","locations":[{"start":{"line":15,"column":10},"end":{"line":15,"column":21}},{"start":{"line":15,"column":25},"end":{"line":15,"column":43}}],"line":15},"5":{"loc":{"start":{"line":20,"column":6},"end":{"line":22,"column":7}},"type":"if","locations":[{"start":{"line":20,"column":6},"end":{"line":22,"column":7}},{"start":{},"end":{}}],"line":20},"6":{"loc":{"start":{"line":36,"column":6},"end":{"line":38,"column":7}},"type":"if","locations":[{"start":{"line":36,"column":6},"end":{"line":38,"column":7}},{"start":{},"end":{}}],"line":36},"7":{"loc":{"start":{"line":43,"column":4},"end":{"line":45,"column":5}},"type":"if","locations":[{"start":{"line":43,"column":4},"end":{"line":45,"column":5}},{"start":{},"end":{}}],"line":43}},"s":{"0":1,"1":9,"2":9,"3":9,"4":12,"5":12,"6":10,"7":6,"8":4,"9":4,"10":2,"11":2,"12":2,"13":2,"14":2,"15":1,"16":1,"17":1,"18":3,"19":3,"20":3},"f":{"0":9,"1":1,"2":3},"b":{"0":[2],"1":[3],"2":[3],"3":[6,4],"4":[10,5],"5":[2,2],"6":[1,1],"7":[3,0]},"_coverageSchema":"1a1c01bbd47fc00a2c39e90264f33305004495a9","hash":"1ad095cc1894b59796c82e1665c17f9ee46b1dde"}
,"D:\\Project\\PetShop-Website\\front-end\\src\\utils\\rateLimitUtils.js": {"path":"D:\\Project\\PetShop-Website\\front-end\\src\\utils\\rateLimitUtils.js","statementMap":{"0":{"start":{"line":2,"column":43},"end":{"line":12,"column":1}},"1":{"start":{"line":3,"column":2},"end":{"line":11,"column":3}},"2":{"start":{"line":4,"column":4},"end":{"line":8,"column":5}},"3":{"start":{"line":5,"column":6},"end":{"line":7,"column":7}},"4":{"start":{"line":6,"column":8},"end":{"line":6,"column":35}},"5":{"start":{"line":10,"column":4},"end":{"line":10,"column":59}}},"fnMap":{"0":{"name":"(anonymous_0)","decl":{"start":{"line":2,"column":43},"end":{"line":2,"column":44}},"loc":{"start":{"line":2,"column":49},"end":{"line":12,"column":1}},"line":2}},"branchMap":{"0":{"loc":{"start":{"line":5,"column":6},"end":{"line":7,"column":7}},"type":"if","locations":[{"start":{"line":5,"column":6},"end":{"line":7,"column":7}},{"start":{},"end":{}}],"line":5},"1":{"loc":{"start":{"line":5,"column":10},"end":{"line":5,"column":77}},"type":"binary-expr","locations":[{"start":{"line":5,"column":10},"end":{"line":5,"column":40}},{"start":{"line":5,"column":44},"end":{"line":5,"column":77}}],"line":5}},"s":{"0":1,"1":6,"2":6,"3":12,"4":8,"5":1},"f":{"0":6},"b":{"0":[8,4],"1":[12,7]},"_coverageSchema":"1a1c01bbd47fc00a2c39e90264f33305004495a9","hash":"b055b49dd477aca3934b14ee88af1d97ecd0149c"}
,"D:\\Project\\PetShop-Website\\front-end\\src\\utils\\validation.js": {"path":"D:\\Project\\PetShop-Website\\front-end\\src\\utils\\validation.js","statementMap":{"0":{"start":{"line":1,"column":34},"end":{"line":1,"column":71}},"1":{"start":{"line":3,"column":2},"end":{"line":3,"column":61}},"2":{"start":{"line":5,"column":2},"end":{"line":5,"column":41}},"3":{"start":{"line":7,"column":27},"end":{"line":7,"column":58}},"4":{"start":{"line":8,"column":33},"end":{"line":8,"column":56}},"5":{"start":{"line":9,"column":30},"end":{"line":9,"column":61}},"6":{"start":{"line":10,"column":27},"end":{"line":10,"column":37}},"7":{"start":{"line":12,"column":30},"end":{"line":13,"column":42}},"8":{"start":{"line":13,"column":2},"end":{"line":13,"column":42}},"9":{"start":{"line":15,"column":28},"end":{"line":18,"column":1}},"10":{"start":{"line":16,"column":16},"end":{"line":16,"column":37}},"11":{"start":{"line":17,"column":2},"end":{"line":17,"column":51}},"12":{"start":{"line":20,"column":35},"end":{"line":23,"column":1}},"13":{"start":{"line":21,"column":16},"end":{"line":21,"column":37}},"14":{"start":{"line":22,"column":2},"end":{"line":22,"column":57}},"15":{"start":{"line":25,"column":31},"end":{"line":26,"column":42}},"16":{"start":{"line":26,"column":2},"end":{"line":26,"column":42}},"17":{"start":{"line":28,"column":28},"end":{"line":29,"column":46}},"18":{"start":{"line":29,"column":2},"end":{"line":29,"column":46}}},"fnMap":{"0":{"name":"(anonymous_0)","decl":{"start":{"line":12,"column":30},"end":{"line":12,"column":31}},"loc":{"start":{"line":13,"column":2},"end":{"line":13,"column":42}},"line":13},"1":{"name":"(anonymous_1)","decl":{"start":{"line":15,"column":28},"end":{"line":15,"column":29}},"loc":{"start":{"line":15,"column":39},"end":{"line":18,"column":1}},"line":15},"2":{"name":"(anonymous_2)","decl":{"start":{"line":20,"column":35},"end":{"line":20,"column":36}},"loc":{"start":{"line":20,"column":46},"end":{"line":23,"column":1}},"line":20},"3":{"name":"(anonymous_3)","decl":{"start":{"line":25,"column":31},"end":{"line":25,"column":32}},"loc":{"start":{"line":26,"column":2},"end":{"line":26,"column":42}},"line":26},"4":{"name":"(anonymous_4)","decl":{"start":{"line":28,"column":28},"end":{"line":28,"column":29}},"loc":{"start":{"line":29,"column":2},"end":{"line":29,"column":46}},"line":29}},"branchMap":{"0":{"loc":{"start":{"line":13,"column":9},"end":{"line":13,"column":20}},"type":"binary-expr","locations":[{"start":{"line":13,"column":9},"end":{"line":13,"column":14}},{"start":{"line":13,"column":18},"end":{"line":13,"column":20}}],"line":13},"1":{"loc":{"start":{"line":17,"column":9},"end":{"line":17,"column":50}},"type":"binary-expr","locations":[{"start":{"line":17,"column":9},"end":{"line":17,"column":23}},{"start":{"line":17,"column":27},"end":{"line":17,"column":50}}],"line":17},"2":{"loc":{"start":{"line":22,"column":9},"end":{"line":22,"column":56}},"type":"binary-expr","locations":[{"start":{"line":22,"column":9},"end":{"line":22,"column":23}},{"start":{"line":22,"column":27},"end":{"line":22,"column":56}}],"line":22},"3":{"loc":{"start":{"line":26,"column":29},"end":{"line":26,"column":40}},"type":"binary-expr","locations":[{"start":{"line":26,"column":29},"end":{"line":26,"column":34}},{"start":{"line":26,"column":38},"end":{"line":26,"column":40}}],"line":26},"4":{"loc":{"start":{"line":29,"column":26},"end":{"line":29,"column":37}},"type":"binary-expr","locations":[{"start":{"line":29,"column":26},"end":{"line":29,"column":31}},{"start":{"line":29,"column":35},"end":{"line":29,"column":37}}],"line":29}},"s":{"0":1,"1":1,"2":1,"3":1,"4":1,"5":1,"6":1,"7":1,"8":12,"9":1,"10":5,"11":5,"12":1,"13":3,"14":3,"15":1,"16":5,"17":1,"18":5},"f":{"0":12,"1":5,"2":3,"3":5,"4":5},"b":{"0":[12,5],"1":[5,3],"2":[3,3],"3":[5,1],"4":[5,1]},"_coverageSchema":"1a1c01bbd47fc00a2c39e90264f33305004495a9","hash":"d7a50fb7ffa33524ac4a44edb5e8c24dc15df0a7"}
}
