TN:
SF:src\stores\cartSlice.js
FN:17,(anonymous_0)
FN:19,(anonymous_1)
FN:39,(anonymous_2)
FN:41,(anonymous_3)
FN:43,(anonymous_4)
FN:54,(anonymous_5)
FN:66,(anonymous_6)
FN:67,(anonymous_7)
FN:70,(anonymous_8)
FN:83,(anonymous_9)
FN:85,(anonymous_10)
FN:103,(anonymous_11)
FNF:12
FNH:11
FNDA:8,(anonymous_0)
FNDA:3,(anonymous_1)
FNDA:9,(anonymous_2)
FNDA:3,(anonymous_3)
FNDA:3,(anonymous_4)
FNDA:1,(anonymous_5)
FNDA:2,(anonymous_6)
FNDA:4,(anonymous_7)
FNDA:4,(anonymous_8)
FNDA:3,(anonymous_9)
FNDA:3,(anonymous_10)
FNDA:0,(anonymous_11)
DA:5,1
DA:13,1
DA:18,8
DA:19,3
DA:22,8
DA:23,2
DA:27,2
DA:31,6
DA:32,6
DA:33,6
DA:38,8
DA:39,9
DA:42,3
DA:43,3
DA:46,3
DA:47,2
DA:49,2
DA:52,1
DA:53,1
DA:54,1
DA:57,1
DA:59,1
DA:64,3
DA:67,2
DA:68,4
DA:69,2
DA:70,4
DA:73,2
DA:75,2
DA:79,4
DA:80,4
DA:84,3
DA:86,3
DA:87,3
DA:89,3
DA:90,3
DA:92,3
DA:99,3
DA:100,3
DA:101,3
DA:104,0
DA:105,0
DA:106,0
DA:112,1
LF:44
LH:41
BRDA:6,0,0,0
BRDA:6,0,1,1
BRDA:22,1,0,2
BRDA:22,1,1,6
BRDA:46,2,0,2
BRDA:46,2,1,1
BRDA:52,3,0,1
BRDA:52,3,1,0
BRDA:68,4,0,2
BRDA:68,4,1,2
BRF:10
BRH:8
end_of_record
TN:
SF:src\stores\productSlice.js
FN:15,(anonymous_0)
FN:23,(anonymous_1)
FN:31,(anonymous_2)
FN:39,(anonymous_3)
FN:47,(anonymous_4)
FN:57,(anonymous_5)
FN:82,(anonymous_6)
FN:86,(anonymous_7)
FN:90,(anonymous_8)
FN:93,(anonymous_9)
FN:97,(anonymous_10)
FN:104,(anonymous_11)
FN:107,(anonymous_12)
FN:111,(anonymous_13)
FN:118,(anonymous_14)
FN:123,(anonymous_15)
FN:127,(anonymous_16)
FN:132,(anonymous_17)
FN:136,(anonymous_18)
FN:141,(anonymous_19)
FNF:20
FNH:10
FNDA:0,(anonymous_0)
FNDA:0,(anonymous_1)
FNDA:0,(anonymous_2)
FNDA:0,(anonymous_3)
FNDA:0,(anonymous_4)
FNDA:0,(anonymous_5)
FNDA:3,(anonymous_6)
FNDA:1,(anonymous_7)
FNDA:1,(anonymous_8)
FNDA:1,(anonymous_9)
FNDA:1,(anonymous_10)
FNDA:0,(anonymous_11)
FNDA:0,(anonymous_12)
FNDA:0,(anonymous_13)
FNDA:1,(anonymous_14)
FNDA:1,(anonymous_15)
FNDA:1,(anonymous_16)
FNDA:1,(anonymous_17)
FNDA:1,(anonymous_18)
FNDA:0,(anonymous_19)
DA:13,1
DA:16,0
DA:17,0
DA:21,1
DA:24,0
DA:25,0
DA:29,1
DA:32,0
DA:33,0
DA:37,1
DA:40,0
DA:41,0
DA:45,1
DA:48,0
DA:50,0
DA:51,0
DA:55,1
DA:58,0
DA:60,0
DA:61,0
DA:67,1
DA:83,3
DA:89,1
DA:91,1
DA:94,1
DA:95,1
DA:98,1
DA:99,1
DA:103,1
DA:105,0
DA:108,0
DA:109,0
DA:112,0
DA:113,0
DA:117,1
DA:119,1
DA:120,1
DA:121,1
DA:124,1
DA:125,1
DA:128,1
DA:129,1
DA:132,1
DA:133,1
DA:136,1
DA:137,1
DA:138,1
DA:141,1
DA:142,0
DA:147,1
LF:50
LH:30
BRDA:33,0,0,0
BRDA:33,0,1,0
BRDA:47,1,0,0
BRF:3
BRH:0
end_of_record
TN:
SF:src\stores\userAdminSlice.js
FN:4,(anonymous_0)
FN:13,(anonymous_1)
FN:22,(anonymous_2)
FN:31,(anonymous_3)
FN:51,(anonymous_4)
FN:53,(anonymous_5)
FN:57,(anonymous_6)
FN:64,(anonymous_7)
FN:69,(anonymous_8)
FN:71,(anonymous_9)
FN:74,(anonymous_10)
FN:76,(anonymous_11)
FN:79,(anonymous_12)
FN:81,(anonymous_13)
FNF:14
FNH:10
FNDA:0,(anonymous_0)
FNDA:0,(anonymous_1)
FNDA:0,(anonymous_2)
FNDA:0,(anonymous_3)
FNDA:1,(anonymous_4)
FNDA:1,(anonymous_5)
FNDA:2,(anonymous_6)
FNDA:1,(anonymous_7)
FNDA:2,(anonymous_8)
FNDA:2,(anonymous_9)
FNDA:2,(anonymous_10)
FNDA:2,(anonymous_11)
FNDA:3,(anonymous_12)
FNDA:3,(anonymous_13)
DA:4,1
DA:5,0
DA:6,0
DA:7,0
DA:9,0
DA:13,1
DA:14,0
DA:15,0
DA:16,0
DA:18,0
DA:22,1
DA:23,0
DA:24,0
DA:25,0
DA:27,0
DA:31,1
DA:32,0
DA:33,0
DA:34,0
DA:36,0
DA:40,1
DA:52,1
DA:54,1
DA:55,1
DA:58,2
DA:59,2
DA:60,2
DA:61,2
DA:62,2
DA:65,1
DA:66,1
DA:70,2
DA:71,2
DA:72,2
DA:75,2
DA:76,2
DA:77,2
DA:80,3
DA:81,3
DA:82,3
LF:40
LH:24
BRDA:6,0,0,0
BRDA:6,0,1,0
BRDA:9,1,0,0
BRDA:9,1,1,0
BRDA:18,2,0,0
BRDA:18,2,1,0
BRDA:27,3,0,0
BRDA:27,3,1,0
BRDA:36,4,0,0
BRDA:36,4,1,0
BRDA:59,5,0,2
BRDA:59,5,1,1
BRDA:60,6,0,2
BRDA:60,6,1,1
BRDA:61,7,0,2
BRDA:61,7,1,1
BRDA:62,8,0,2
BRDA:62,8,1,1
BRDA:66,9,0,1
BRDA:66,9,1,0
BRDA:72,10,0,1
BRDA:72,10,1,1
BRDA:77,11,0,1
BRDA:77,11,1,1
BRDA:82,12,0,2
BRDA:82,12,1,1
BRF:26
BRH:15
end_of_record
TN:
SF:src\utils\fetchWithRetry.js
FN:1,(anonymous_0)
FN:40,(anonymous_1)
FN:44,(anonymous_2)
FNF:3
FNH:3
FNDA:9,(anonymous_0)
FNDA:1,(anonymous_1)
FNDA:3,(anonymous_2)
DA:1,1
DA:7,9
DA:12,9
DA:13,12
DA:14,12
DA:15,10
DA:16,6
DA:19,4
DA:20,4
DA:21,2
DA:23,2
DA:29,2
DA:30,2
DA:36,2
DA:37,1
DA:40,1
DA:43,3
DA:44,3
LF:18
LH:18
BRDA:3,0,0,2
BRDA:4,1,0,3
BRDA:5,2,0,3
BRDA:15,3,0,6
BRDA:15,3,1,4
BRDA:15,4,0,10
BRDA:15,4,1,5
BRDA:20,5,0,2
BRDA:20,5,1,2
BRDA:36,6,0,1
BRDA:36,6,1,1
BRDA:43,7,0,3
BRDA:43,7,1,0
BRF:13
BRH:12
end_of_record
TN:
SF:src\utils\rateLimitUtils.js
FN:2,(anonymous_0)
FNF:1
FNH:1
FNDA:6,(anonymous_0)
DA:2,1
DA:3,6
DA:4,6
DA:5,12
DA:6,8
DA:10,1
LF:6
LH:6
BRDA:5,0,0,8
BRDA:5,0,1,4
BRDA:5,1,0,12
BRDA:5,1,1,7
BRF:4
BRH:4
end_of_record
TN:
SF:src\utils\validation.js
FN:12,(anonymous_0)
FN:15,(anonymous_1)
FN:20,(anonymous_2)
FN:25,(anonymous_3)
FN:28,(anonymous_4)
FNF:5
FNH:5
FNDA:12,(anonymous_0)
FNDA:5,(anonymous_1)
FNDA:3,(anonymous_2)
FNDA:5,(anonymous_3)
FNDA:5,(anonymous_4)
DA:1,1
DA:3,1
DA:5,1
DA:7,1
DA:8,1
DA:9,1
DA:10,1
DA:12,1
DA:13,12
DA:15,1
DA:16,5
DA:17,5
DA:20,1
DA:21,3
DA:22,3
DA:25,1
DA:26,5
DA:28,1
DA:29,5
LF:19
LH:19
BRDA:13,0,0,12
BRDA:13,0,1,5
BRDA:17,1,0,5
BRDA:17,1,1,3
BRDA:22,2,0,3
BRDA:22,2,1,3
BRDA:26,3,0,5
BRDA:26,3,1,1
BRDA:29,4,0,5
BRDA:29,4,1,1
BRF:10
BRH:10
end_of_record
